<?xml version="1.0" encoding="UTF-8"?>
<!-- Generated by org.testng.reporters.JUnitXMLReporter -->
<testsuite ignored="4" hostname="sqe-IdeaPad-5-15ITL05" failures="0" tests="52" name="Test" time="117.646" errors="0" timestamp="2022-04-05T17:18:08 IST">
  <testcase classname="com.ComCate.TestCases.Login" name="LoginAgency" time="8.806"/>
  <testcase classname="com.ComCate.TestCases.CCP" name="PreRequisite" time="14.527"/>
  <testcase classname="com.ComCate.TestCases.CCP" name="TC_CCP_01" time="2.123"/>
  <testcase classname="com.ComCate.TestCases.CCP" name="TC_CCP_02" time="0.027"/>
  <testcase classname="com.ComCate.TestCases.CCP" name="TC_CCP_03" time="4.287"/>
  <testcase classname="com.ComCate.TestCases.CCP" name="TC_CCP_04" time="3.091"/>
  <testcase classname="com.ComCate.TestCases.CCP" name="TC_CCP_06" time="3.51"/>
  <testcase classname="com.ComCate.TestCases.CCP" name="TC_CCP_07" time="2.148"/>
  <testcase classname="com.ComCate.TestCases.CCP" name="TC_CCP_08" time="0.32"/>
  <testcase classname="com.ComCate.TestCases.CCP" name="TC_CCP_09" time="1.572"/>
  <testcase classname="com.ComCate.TestCases.CCP" name="TC_CCP_10" time="1.706"/>
  <testcase classname="com.ComCate.TestCases.CCP" name="TC_CCP_11" time="2.207"/>
  <testcase classname="com.ComCate.TestCases.CCP" name="TC_CCP_12" time="1.305"/>
  <testcase classname="com.ComCate.TestCases.CCP" name="TC_CCP_13" time="2.336"/>
  <testcase classname="com.ComCate.TestCases.CCP" name="TC_CCP_14" time="1.152"/>
  <testcase classname="com.ComCate.TestCases.CCP" name="TC_CCP_15" time="2.293"/>
  <testcase classname="com.ComCate.TestCases.CCP" name="TC_CCP_16" time="0.131"/>
  <testcase classname="com.ComCate.TestCases.CCP" name="TC_CCP_17" time="1.049"/>
  <testcase classname="com.ComCate.TestCases.CCP" name="TC_CCP_18" time="0.154"/>
  <testcase classname="com.ComCate.TestCases.CCP" name="TC_CCP_19" time="0.131"/>
  <testcase classname="com.ComCate.TestCases.CCP" name="TC_CCP_20" time="0.096"/>
  <testcase classname="com.ComCate.TestCases.CCP" name="TC_CCP_21" time="0.229"/>
  <testcase classname="com.ComCate.TestCases.CCP" name="TC_CCP_22" time="0.279"/>
  <testcase classname="com.ComCate.TestCases.CCP" name="TC_CCP_23" time="0.175"/>
  <testcase classname="com.ComCate.TestCases.CCP" name="TC_CCP_24" time="0.089"/>
  <testcase classname="com.ComCate.TestCases.CCP" name="TC_CCP_25" time="0.201"/>
  <testcase classname="com.ComCate.TestCases.CCP" name="TC_CCP_26" time="1.472"/>
  <testcase classname="com.ComCate.TestCases.CCP" name="TC_CCP_27" time="0.034"/>
  <testcase classname="com.ComCate.TestCases.CCP" name="TC_CCP_28" time="0.144"/>
  <testcase classname="com.ComCate.TestCases.CCP" name="TC_CCP_29" time="5.165"/>
  <testcase classname="com.ComCate.TestCases.CCP" name="TC_CCP_30" time="3.431"/>
  <testcase classname="com.ComCate.TestCases.CCP" name="TC_CCP_34" time="2.079"/>
  <testcase classname="com.ComCate.TestCases.CCP" name="TC_CCP_35" time="3.165"/>
  <testcase classname="com.ComCate.TestCases.CCP" name="TC_CCP_36" time="2.12"/>
  <testcase classname="com.ComCate.TestCases.CCP" name="TC_CCP_37" time="2.786"/>
  <testcase classname="com.ComCate.TestCases.CCP" name="TC_CCP_38" time="0.09"/>
  <testcase classname="com.ComCate.TestCases.CCP" name="TC_CCP_39" time="2.13"/>
  <testcase classname="com.ComCate.TestCases.CCP" name="TC_CCP_40" time="9.731"/>
  <testcase classname="com.ComCate.TestCases.CCP" name="TC_CCP_42" time="1.494"/>
  <testcase classname="com.ComCate.TestCases.CCP" name="TC_CCP_43" time="0.214"/>
  <testcase classname="com.ComCate.TestCases.CCP" name="TC_CCP_44" time="0.042"/>
  <testcase classname="com.ComCate.TestCases.CCP" name="TC_CCP_46" time="0.151"/>
  <testcase classname="com.ComCate.TestCases.CCP" name="TC_CCP_47" time="3.165"/>
  <testcase classname="com.ComCate.TestCases.CCP" name="TC_CCP_48" time="2.151"/>
  <testcase classname="com.ComCate.TestCases.CCP" name="TC_CCP_49" time="5.13"/>
  <testcase classname="com.ComCate.TestCases.CCP" name="TC_CCP_50" time="3.806"/>
  <testcase classname="com.ComCate.TestCases.CCP" name="TC_CCP_51" time="0.668"/>
  <testcase classname="com.ComCate.TestCases.CCP" name="TC_CCP_52" time="6.739"/>
  <testcase classname="com.ComCate.TestCases.CCP" name="TC_CCP_53" time="1.744"/>
  <testcase classname="com.ComCate.TestCases.CCP" name="TC_CCP_54" time="0.386"/>
  <testcase classname="com.ComCate.TestCases.CCP" name="TC_CCP_55" time="3.527"/>
  <testcase classname="com.ComCate.TestCases.CCP" name="TC_CCP_56" time="2.06"/>
  <testcase classname="com.ComCate.TestCases.CCP" name="TC_CCP_32" time="0.0">
    <ignored/>
  </testcase> <!-- TC_CCP_32 -->
  <testcase classname="com.ComCate.TestCases.CCP" name="TC_CCP_31" time="0.0">
    <ignored/>
  </testcase> <!-- TC_CCP_31 -->
  <testcase classname="com.ComCate.ExtentReport.ExtentReportClass" name="@BeforeSuite setExtent" time="0.0">
    <ignored/>
  </testcase> <!-- @BeforeSuite setExtent -->
  <testcase classname="com.ComCate.ExtentReport.ExtentReportClass" name="@AfterSuite endReport" time="0.0">
    <ignored/>
  </testcase> <!-- @AfterSuite endReport -->
</testsuite> <!-- Test -->
