<?xml version="1.0" encoding="UTF-8"?>
<testng-results ignored="4" total="56" passed="52" failed="0" skipped="0">
  <reporter-output>
  </reporter-output>
  <suite started-at="2022-04-05T17:16:10 IST" name="Suite" finished-at="2022-04-05T17:18:08 IST" duration-ms="117646">
    <groups>
    </groups>
    <test started-at="2022-04-05T17:16:10 IST" name="Test" finished-at="2022-04-05T17:18:08 IST" duration-ms="117646">
      <class name="com.ComCate.TestCases.CCP">
        <test-method signature="PreRequisite()[pri:1, instance:com.ComCate.TestCases.CCP@44c03695]" started-at="2022-04-05T17:16:19 IST" name="PreRequisite" finished-at="2022-04-05T17:16:34 IST" duration-ms="14527" status="PASS">
          <reporter-output>
          </reporter-output>
        </test-method> <!-- PreRequisite -->
        <test-method is-config="true" signature="tearDown(org.testng.ITestResult)[pri:0, instance:com.ComCate.TestCases.CCP@44c03695]" started-at="2022-04-05T17:16:34 IST" name="tearDown" finished-at="2022-04-05T17:16:34 IST" duration-ms="0" status="PASS">
          <params>
            <param index="0">
              <value>
                <![CDATA[[TestResult name=PreRequisite status=SUCCESS method=CCP.PreRequisite()[pri:1, instance:com.ComCate.TestCases.CCP@44c03695] output={null}]]]>
              </value>
            </param>
          </params>
          <reporter-output>
          </reporter-output>
        </test-method> <!-- tearDown -->
        <test-method signature="TC_CCP_01()[pri:2, instance:com.ComCate.TestCases.CCP@44c03695]" started-at="2022-04-05T17:16:34 IST" name="TC_CCP_01" finished-at="2022-04-05T17:16:36 IST" duration-ms="2123" status="PASS">
          <reporter-output>
          </reporter-output>
        </test-method> <!-- TC_CCP_01 -->
        <test-method is-config="true" signature="tearDown(org.testng.ITestResult)[pri:0, instance:com.ComCate.TestCases.CCP@44c03695]" started-at="2022-04-05T17:16:36 IST" name="tearDown" finished-at="2022-04-05T17:16:36 IST" duration-ms="0" status="PASS">
          <params>
            <param index="0">
              <value>
                <![CDATA[[TestResult name=TC_CCP_01 status=SUCCESS method=CCP.TC_CCP_01()[pri:2, instance:com.ComCate.TestCases.CCP@44c03695] output={null}]]]>
              </value>
            </param>
          </params>
          <reporter-output>
          </reporter-output>
        </test-method> <!-- tearDown -->
        <test-method signature="TC_CCP_02()[pri:3, instance:com.ComCate.TestCases.CCP@44c03695]" started-at="2022-04-05T17:16:36 IST" name="TC_CCP_02" finished-at="2022-04-05T17:16:36 IST" duration-ms="27" status="PASS">
          <reporter-output>
          </reporter-output>
        </test-method> <!-- TC_CCP_02 -->
        <test-method is-config="true" signature="tearDown(org.testng.ITestResult)[pri:0, instance:com.ComCate.TestCases.CCP@44c03695]" started-at="2022-04-05T17:16:36 IST" name="tearDown" finished-at="2022-04-05T17:16:36 IST" duration-ms="0" status="PASS">
          <params>
            <param index="0">
              <value>
                <![CDATA[[TestResult name=TC_CCP_02 status=SUCCESS method=CCP.TC_CCP_02()[pri:3, instance:com.ComCate.TestCases.CCP@44c03695] output={null}]]]>
              </value>
            </param>
          </params>
          <reporter-output>
          </reporter-output>
        </test-method> <!-- tearDown -->
        <test-method signature="TC_CCP_03()[pri:4, instance:com.ComCate.TestCases.CCP@44c03695]" started-at="2022-04-05T17:16:36 IST" name="TC_CCP_03" finished-at="2022-04-05T17:16:40 IST" duration-ms="4287" status="PASS">
          <reporter-output>
          </reporter-output>
        </test-method> <!-- TC_CCP_03 -->
        <test-method is-config="true" signature="tearDown(org.testng.ITestResult)[pri:0, instance:com.ComCate.TestCases.CCP@44c03695]" started-at="2022-04-05T17:16:40 IST" name="tearDown" finished-at="2022-04-05T17:16:40 IST" duration-ms="1" status="PASS">
          <params>
            <param index="0">
              <value>
                <![CDATA[[TestResult name=TC_CCP_03 status=SUCCESS method=CCP.TC_CCP_03()[pri:4, instance:com.ComCate.TestCases.CCP@44c03695] output={null}]]]>
              </value>
            </param>
          </params>
          <reporter-output>
          </reporter-output>
        </test-method> <!-- tearDown -->
        <test-method signature="TC_CCP_04()[pri:5, instance:com.ComCate.TestCases.CCP@44c03695]" started-at="2022-04-05T17:16:40 IST" name="TC_CCP_04" finished-at="2022-04-05T17:16:43 IST" duration-ms="3091" status="PASS">
          <reporter-output>
          </reporter-output>
        </test-method> <!-- TC_CCP_04 -->
        <test-method signature="TC_CCP_06()[pri:7, instance:com.ComCate.TestCases.CCP@44c03695]" started-at="2022-04-05T17:16:43 IST" name="TC_CCP_06" finished-at="2022-04-05T17:16:47 IST" duration-ms="3510" status="PASS">
          <reporter-output>
          </reporter-output>
        </test-method> <!-- TC_CCP_06 -->
        <test-method is-config="true" signature="tearDown(org.testng.ITestResult)[pri:0, instance:com.ComCate.TestCases.CCP@44c03695]" started-at="2022-04-05T17:16:43 IST" name="tearDown" finished-at="2022-04-05T17:16:43 IST" duration-ms="0" status="PASS">
          <params>
            <param index="0">
              <value>
                <![CDATA[[TestResult name=TC_CCP_04 status=SUCCESS method=CCP.TC_CCP_04()[pri:5, instance:com.ComCate.TestCases.CCP@44c03695] output={null}]]]>
              </value>
            </param>
          </params>
          <reporter-output>
          </reporter-output>
        </test-method> <!-- tearDown -->
        <test-method signature="TC_CCP_07()[pri:8, instance:com.ComCate.TestCases.CCP@44c03695]" started-at="2022-04-05T17:16:47 IST" name="TC_CCP_07" finished-at="2022-04-05T17:16:49 IST" duration-ms="2148" status="PASS">
          <reporter-output>
          </reporter-output>
        </test-method> <!-- TC_CCP_07 -->
        <test-method is-config="true" signature="tearDown(org.testng.ITestResult)[pri:0, instance:com.ComCate.TestCases.CCP@44c03695]" started-at="2022-04-05T17:16:47 IST" name="tearDown" finished-at="2022-04-05T17:16:47 IST" duration-ms="0" status="PASS">
          <params>
            <param index="0">
              <value>
                <![CDATA[[TestResult name=TC_CCP_06 status=SUCCESS method=CCP.TC_CCP_06()[pri:7, instance:com.ComCate.TestCases.CCP@44c03695] output={null}]]]>
              </value>
            </param>
          </params>
          <reporter-output>
          </reporter-output>
        </test-method> <!-- tearDown -->
        <test-method is-config="true" signature="tearDown(org.testng.ITestResult)[pri:0, instance:com.ComCate.TestCases.CCP@44c03695]" started-at="2022-04-05T17:16:49 IST" name="tearDown" finished-at="2022-04-05T17:16:49 IST" duration-ms="0" status="PASS">
          <params>
            <param index="0">
              <value>
                <![CDATA[[TestResult name=TC_CCP_07 status=SUCCESS method=CCP.TC_CCP_07()[pri:8, instance:com.ComCate.TestCases.CCP@44c03695] output={null}]]]>
              </value>
            </param>
          </params>
          <reporter-output>
          </reporter-output>
        </test-method> <!-- tearDown -->
        <test-method signature="TC_CCP_08()[pri:9, instance:com.ComCate.TestCases.CCP@44c03695]" started-at="2022-04-05T17:16:49 IST" name="TC_CCP_08" finished-at="2022-04-05T17:16:49 IST" duration-ms="320" status="PASS">
          <reporter-output>
          </reporter-output>
        </test-method> <!-- TC_CCP_08 -->
        <test-method is-config="true" signature="tearDown(org.testng.ITestResult)[pri:0, instance:com.ComCate.TestCases.CCP@44c03695]" started-at="2022-04-05T17:16:49 IST" name="tearDown" finished-at="2022-04-05T17:16:49 IST" duration-ms="0" status="PASS">
          <params>
            <param index="0">
              <value>
                <![CDATA[[TestResult name=TC_CCP_08 status=SUCCESS method=CCP.TC_CCP_08()[pri:9, instance:com.ComCate.TestCases.CCP@44c03695] output={null}]]]>
              </value>
            </param>
          </params>
          <reporter-output>
          </reporter-output>
        </test-method> <!-- tearDown -->
        <test-method signature="TC_CCP_09()[pri:10, instance:com.ComCate.TestCases.CCP@44c03695]" started-at="2022-04-05T17:16:49 IST" name="TC_CCP_09" finished-at="2022-04-05T17:16:51 IST" duration-ms="1572" status="PASS">
          <reporter-output>
          </reporter-output>
        </test-method> <!-- TC_CCP_09 -->
        <test-method is-config="true" signature="tearDown(org.testng.ITestResult)[pri:0, instance:com.ComCate.TestCases.CCP@44c03695]" started-at="2022-04-05T17:16:51 IST" name="tearDown" finished-at="2022-04-05T17:16:51 IST" duration-ms="1" status="PASS">
          <params>
            <param index="0">
              <value>
                <![CDATA[[TestResult name=TC_CCP_09 status=SUCCESS method=CCP.TC_CCP_09()[pri:10, instance:com.ComCate.TestCases.CCP@44c03695] output={null}]]]>
              </value>
            </param>
          </params>
          <reporter-output>
          </reporter-output>
        </test-method> <!-- tearDown -->
        <test-method signature="TC_CCP_10()[pri:11, instance:com.ComCate.TestCases.CCP@44c03695]" started-at="2022-04-05T17:16:51 IST" name="TC_CCP_10" finished-at="2022-04-05T17:16:53 IST" duration-ms="1706" status="PASS">
          <reporter-output>
          </reporter-output>
        </test-method> <!-- TC_CCP_10 -->
        <test-method is-config="true" signature="tearDown(org.testng.ITestResult)[pri:0, instance:com.ComCate.TestCases.CCP@44c03695]" started-at="2022-04-05T17:16:53 IST" name="tearDown" finished-at="2022-04-05T17:16:53 IST" duration-ms="0" status="PASS">
          <params>
            <param index="0">
              <value>
                <![CDATA[[TestResult name=TC_CCP_10 status=SUCCESS method=CCP.TC_CCP_10()[pri:11, instance:com.ComCate.TestCases.CCP@44c03695] output={null}]]]>
              </value>
            </param>
          </params>
          <reporter-output>
          </reporter-output>
        </test-method> <!-- tearDown -->
        <test-method signature="TC_CCP_11()[pri:12, instance:com.ComCate.TestCases.CCP@44c03695]" started-at="2022-04-05T17:16:53 IST" name="TC_CCP_11" finished-at="2022-04-05T17:16:55 IST" duration-ms="2207" status="PASS">
          <reporter-output>
          </reporter-output>
        </test-method> <!-- TC_CCP_11 -->
        <test-method is-config="true" signature="tearDown(org.testng.ITestResult)[pri:0, instance:com.ComCate.TestCases.CCP@44c03695]" started-at="2022-04-05T17:16:55 IST" name="tearDown" finished-at="2022-04-05T17:16:55 IST" duration-ms="1" status="PASS">
          <params>
            <param index="0">
              <value>
                <![CDATA[[TestResult name=TC_CCP_11 status=SUCCESS method=CCP.TC_CCP_11()[pri:12, instance:com.ComCate.TestCases.CCP@44c03695] output={null}]]]>
              </value>
            </param>
          </params>
          <reporter-output>
          </reporter-output>
        </test-method> <!-- tearDown -->
        <test-method signature="TC_CCP_12()[pri:13, instance:com.ComCate.TestCases.CCP@44c03695]" started-at="2022-04-05T17:16:55 IST" name="TC_CCP_12" finished-at="2022-04-05T17:16:56 IST" duration-ms="1305" status="PASS">
          <reporter-output>
          </reporter-output>
        </test-method> <!-- TC_CCP_12 -->
        <test-method signature="TC_CCP_13()[pri:14, instance:com.ComCate.TestCases.CCP@44c03695]" started-at="2022-04-05T17:16:56 IST" name="TC_CCP_13" finished-at="2022-04-05T17:16:58 IST" duration-ms="2336" status="PASS">
          <reporter-output>
          </reporter-output>
        </test-method> <!-- TC_CCP_13 -->
        <test-method is-config="true" signature="tearDown(org.testng.ITestResult)[pri:0, instance:com.ComCate.TestCases.CCP@44c03695]" started-at="2022-04-05T17:16:56 IST" name="tearDown" finished-at="2022-04-05T17:16:56 IST" duration-ms="0" status="PASS">
          <params>
            <param index="0">
              <value>
                <![CDATA[[TestResult name=TC_CCP_12 status=SUCCESS method=CCP.TC_CCP_12()[pri:13, instance:com.ComCate.TestCases.CCP@44c03695] output={null}]]]>
              </value>
            </param>
          </params>
          <reporter-output>
          </reporter-output>
        </test-method> <!-- tearDown -->
        <test-method is-config="true" signature="tearDown(org.testng.ITestResult)[pri:0, instance:com.ComCate.TestCases.CCP@44c03695]" started-at="2022-04-05T17:16:58 IST" name="tearDown" finished-at="2022-04-05T17:16:58 IST" duration-ms="1" status="PASS">
          <params>
            <param index="0">
              <value>
                <![CDATA[[TestResult name=TC_CCP_13 status=SUCCESS method=CCP.TC_CCP_13()[pri:14, instance:com.ComCate.TestCases.CCP@44c03695] output={null}]]]>
              </value>
            </param>
          </params>
          <reporter-output>
          </reporter-output>
        </test-method> <!-- tearDown -->
        <test-method signature="TC_CCP_14()[pri:15, instance:com.ComCate.TestCases.CCP@44c03695]" started-at="2022-04-05T17:16:58 IST" name="TC_CCP_14" finished-at="2022-04-05T17:17:00 IST" duration-ms="1152" status="PASS">
          <reporter-output>
          </reporter-output>
        </test-method> <!-- TC_CCP_14 -->
        <test-method is-config="true" signature="tearDown(org.testng.ITestResult)[pri:0, instance:com.ComCate.TestCases.CCP@44c03695]" started-at="2022-04-05T17:17:00 IST" name="tearDown" finished-at="2022-04-05T17:17:00 IST" duration-ms="0" status="PASS">
          <params>
            <param index="0">
              <value>
                <![CDATA[[TestResult name=TC_CCP_14 status=SUCCESS method=CCP.TC_CCP_14()[pri:15, instance:com.ComCate.TestCases.CCP@44c03695] output={null}]]]>
              </value>
            </param>
          </params>
          <reporter-output>
          </reporter-output>
        </test-method> <!-- tearDown -->
        <test-method signature="TC_CCP_15()[pri:16, instance:com.ComCate.TestCases.CCP@44c03695]" started-at="2022-04-05T17:17:00 IST" name="TC_CCP_15" finished-at="2022-04-05T17:17:02 IST" duration-ms="2293" status="PASS">
          <reporter-output>
          </reporter-output>
        </test-method> <!-- TC_CCP_15 -->
        <test-method is-config="true" signature="tearDown(org.testng.ITestResult)[pri:0, instance:com.ComCate.TestCases.CCP@44c03695]" started-at="2022-04-05T17:17:02 IST" name="tearDown" finished-at="2022-04-05T17:17:02 IST" duration-ms="2" status="PASS">
          <params>
            <param index="0">
              <value>
                <![CDATA[[TestResult name=TC_CCP_15 status=SUCCESS method=CCP.TC_CCP_15()[pri:16, instance:com.ComCate.TestCases.CCP@44c03695] output={null}]]]>
              </value>
            </param>
          </params>
          <reporter-output>
          </reporter-output>
        </test-method> <!-- tearDown -->
        <test-method signature="TC_CCP_16()[pri:17, instance:com.ComCate.TestCases.CCP@44c03695]" started-at="2022-04-05T17:17:02 IST" name="TC_CCP_16" finished-at="2022-04-05T17:17:02 IST" duration-ms="131" status="PASS">
          <reporter-output>
          </reporter-output>
        </test-method> <!-- TC_CCP_16 -->
        <test-method is-config="true" signature="tearDown(org.testng.ITestResult)[pri:0, instance:com.ComCate.TestCases.CCP@44c03695]" started-at="2022-04-05T17:17:02 IST" name="tearDown" finished-at="2022-04-05T17:17:02 IST" duration-ms="1" status="PASS">
          <params>
            <param index="0">
              <value>
                <![CDATA[[TestResult name=TC_CCP_16 status=SUCCESS method=CCP.TC_CCP_16()[pri:17, instance:com.ComCate.TestCases.CCP@44c03695] output={null}]]]>
              </value>
            </param>
          </params>
          <reporter-output>
          </reporter-output>
        </test-method> <!-- tearDown -->
        <test-method signature="TC_CCP_17()[pri:18, instance:com.ComCate.TestCases.CCP@44c03695]" started-at="2022-04-05T17:17:02 IST" name="TC_CCP_17" finished-at="2022-04-05T17:17:03 IST" duration-ms="1049" status="PASS">
          <reporter-output>
          </reporter-output>
        </test-method> <!-- TC_CCP_17 -->
        <test-method is-config="true" signature="tearDown(org.testng.ITestResult)[pri:0, instance:com.ComCate.TestCases.CCP@44c03695]" started-at="2022-04-05T17:17:03 IST" name="tearDown" finished-at="2022-04-05T17:17:03 IST" duration-ms="0" status="PASS">
          <params>
            <param index="0">
              <value>
                <![CDATA[[TestResult name=TC_CCP_17 status=SUCCESS method=CCP.TC_CCP_17()[pri:18, instance:com.ComCate.TestCases.CCP@44c03695] output={null}]]]>
              </value>
            </param>
          </params>
          <reporter-output>
          </reporter-output>
        </test-method> <!-- tearDown -->
        <test-method signature="TC_CCP_18()[pri:19, instance:com.ComCate.TestCases.CCP@44c03695]" started-at="2022-04-05T17:17:03 IST" name="TC_CCP_18" finished-at="2022-04-05T17:17:03 IST" duration-ms="154" status="PASS">
          <reporter-output>
          </reporter-output>
        </test-method> <!-- TC_CCP_18 -->
        <test-method is-config="true" signature="tearDown(org.testng.ITestResult)[pri:0, instance:com.ComCate.TestCases.CCP@44c03695]" started-at="2022-04-05T17:17:03 IST" name="tearDown" finished-at="2022-04-05T17:17:03 IST" duration-ms="0" status="PASS">
          <params>
            <param index="0">
              <value>
                <![CDATA[[TestResult name=TC_CCP_18 status=SUCCESS method=CCP.TC_CCP_18()[pri:19, instance:com.ComCate.TestCases.CCP@44c03695] output={null}]]]>
              </value>
            </param>
          </params>
          <reporter-output>
          </reporter-output>
        </test-method> <!-- tearDown -->
        <test-method signature="TC_CCP_19()[pri:20, instance:com.ComCate.TestCases.CCP@44c03695]" started-at="2022-04-05T17:17:03 IST" name="TC_CCP_19" finished-at="2022-04-05T17:17:03 IST" duration-ms="131" status="PASS">
          <reporter-output>
          </reporter-output>
        </test-method> <!-- TC_CCP_19 -->
        <test-method signature="TC_CCP_20()[pri:21, instance:com.ComCate.TestCases.CCP@44c03695]" started-at="2022-04-05T17:17:03 IST" name="TC_CCP_20" finished-at="2022-04-05T17:17:03 IST" duration-ms="96" status="PASS">
          <reporter-output>
          </reporter-output>
        </test-method> <!-- TC_CCP_20 -->
        <test-method is-config="true" signature="tearDown(org.testng.ITestResult)[pri:0, instance:com.ComCate.TestCases.CCP@44c03695]" started-at="2022-04-05T17:17:03 IST" name="tearDown" finished-at="2022-04-05T17:17:03 IST" duration-ms="0" status="PASS">
          <params>
            <param index="0">
              <value>
                <![CDATA[[TestResult name=TC_CCP_19 status=SUCCESS method=CCP.TC_CCP_19()[pri:20, instance:com.ComCate.TestCases.CCP@44c03695] output={null}]]]>
              </value>
            </param>
          </params>
          <reporter-output>
          </reporter-output>
        </test-method> <!-- tearDown -->
        <test-method is-config="true" signature="tearDown(org.testng.ITestResult)[pri:0, instance:com.ComCate.TestCases.CCP@44c03695]" started-at="2022-04-05T17:17:03 IST" name="tearDown" finished-at="2022-04-05T17:17:03 IST" duration-ms="0" status="PASS">
          <params>
            <param index="0">
              <value>
                <![CDATA[[TestResult name=TC_CCP_20 status=SUCCESS method=CCP.TC_CCP_20()[pri:21, instance:com.ComCate.TestCases.CCP@44c03695] output={null}]]]>
              </value>
            </param>
          </params>
          <reporter-output>
          </reporter-output>
        </test-method> <!-- tearDown -->
        <test-method signature="TC_CCP_21()[pri:22, instance:com.ComCate.TestCases.CCP@44c03695]" started-at="2022-04-05T17:17:03 IST" name="TC_CCP_21" finished-at="2022-04-05T17:17:04 IST" duration-ms="229" status="PASS">
          <reporter-output>
          </reporter-output>
        </test-method> <!-- TC_CCP_21 -->
        <test-method is-config="true" signature="tearDown(org.testng.ITestResult)[pri:0, instance:com.ComCate.TestCases.CCP@44c03695]" started-at="2022-04-05T17:17:04 IST" name="tearDown" finished-at="2022-04-05T17:17:04 IST" duration-ms="0" status="PASS">
          <params>
            <param index="0">
              <value>
                <![CDATA[[TestResult name=TC_CCP_21 status=SUCCESS method=CCP.TC_CCP_21()[pri:22, instance:com.ComCate.TestCases.CCP@44c03695] output={null}]]]>
              </value>
            </param>
          </params>
          <reporter-output>
          </reporter-output>
        </test-method> <!-- tearDown -->
        <test-method signature="TC_CCP_22()[pri:23, instance:com.ComCate.TestCases.CCP@44c03695]" started-at="2022-04-05T17:17:04 IST" name="TC_CCP_22" finished-at="2022-04-05T17:17:04 IST" duration-ms="279" status="PASS">
          <reporter-output>
          </reporter-output>
        </test-method> <!-- TC_CCP_22 -->
        <test-method is-config="true" signature="tearDown(org.testng.ITestResult)[pri:0, instance:com.ComCate.TestCases.CCP@44c03695]" started-at="2022-04-05T17:17:04 IST" name="tearDown" finished-at="2022-04-05T17:17:04 IST" duration-ms="1" status="PASS">
          <params>
            <param index="0">
              <value>
                <![CDATA[[TestResult name=TC_CCP_22 status=SUCCESS method=CCP.TC_CCP_22()[pri:23, instance:com.ComCate.TestCases.CCP@44c03695] output={null}]]]>
              </value>
            </param>
          </params>
          <reporter-output>
          </reporter-output>
        </test-method> <!-- tearDown -->
        <test-method signature="TC_CCP_23()[pri:24, instance:com.ComCate.TestCases.CCP@44c03695]" started-at="2022-04-05T17:17:04 IST" name="TC_CCP_23" finished-at="2022-04-05T17:17:04 IST" duration-ms="175" status="PASS">
          <reporter-output>
          </reporter-output>
        </test-method> <!-- TC_CCP_23 -->
        <test-method is-config="true" signature="tearDown(org.testng.ITestResult)[pri:0, instance:com.ComCate.TestCases.CCP@44c03695]" started-at="2022-04-05T17:17:04 IST" name="tearDown" finished-at="2022-04-05T17:17:04 IST" duration-ms="0" status="PASS">
          <params>
            <param index="0">
              <value>
                <![CDATA[[TestResult name=TC_CCP_23 status=SUCCESS method=CCP.TC_CCP_23()[pri:24, instance:com.ComCate.TestCases.CCP@44c03695] output={null}]]]>
              </value>
            </param>
          </params>
          <reporter-output>
          </reporter-output>
        </test-method> <!-- tearDown -->
        <test-method signature="TC_CCP_24()[pri:25, instance:com.ComCate.TestCases.CCP@44c03695]" started-at="2022-04-05T17:17:04 IST" name="TC_CCP_24" finished-at="2022-04-05T17:17:04 IST" duration-ms="89" status="PASS">
          <reporter-output>
          </reporter-output>
        </test-method> <!-- TC_CCP_24 -->
        <test-method is-config="true" signature="tearDown(org.testng.ITestResult)[pri:0, instance:com.ComCate.TestCases.CCP@44c03695]" started-at="2022-04-05T17:17:04 IST" name="tearDown" finished-at="2022-04-05T17:17:04 IST" duration-ms="1" status="PASS">
          <params>
            <param index="0">
              <value>
                <![CDATA[[TestResult name=TC_CCP_24 status=SUCCESS method=CCP.TC_CCP_24()[pri:25, instance:com.ComCate.TestCases.CCP@44c03695] output={null}]]]>
              </value>
            </param>
          </params>
          <reporter-output>
          </reporter-output>
        </test-method> <!-- tearDown -->
        <test-method signature="TC_CCP_25()[pri:26, instance:com.ComCate.TestCases.CCP@44c03695]" started-at="2022-04-05T17:17:04 IST" name="TC_CCP_25" finished-at="2022-04-05T17:17:04 IST" duration-ms="201" status="PASS">
          <reporter-output>
          </reporter-output>
        </test-method> <!-- TC_CCP_25 -->
        <test-method is-config="true" signature="tearDown(org.testng.ITestResult)[pri:0, instance:com.ComCate.TestCases.CCP@44c03695]" started-at="2022-04-05T17:17:04 IST" name="tearDown" finished-at="2022-04-05T17:17:04 IST" duration-ms="0" status="PASS">
          <params>
            <param index="0">
              <value>
                <![CDATA[[TestResult name=TC_CCP_25 status=SUCCESS method=CCP.TC_CCP_25()[pri:26, instance:com.ComCate.TestCases.CCP@44c03695] output={null}]]]>
              </value>
            </param>
          </params>
          <reporter-output>
          </reporter-output>
        </test-method> <!-- tearDown -->
        <test-method signature="TC_CCP_26()[pri:27, instance:com.ComCate.TestCases.CCP@44c03695]" started-at="2022-04-05T17:17:04 IST" name="TC_CCP_26" finished-at="2022-04-05T17:17:06 IST" duration-ms="1472" status="PASS">
          <reporter-output>
          </reporter-output>
        </test-method> <!-- TC_CCP_26 -->
        <test-method signature="TC_CCP_27()[pri:28, instance:com.ComCate.TestCases.CCP@44c03695]" started-at="2022-04-05T17:17:06 IST" name="TC_CCP_27" finished-at="2022-04-05T17:17:06 IST" duration-ms="34" status="PASS">
          <reporter-output>
          </reporter-output>
        </test-method> <!-- TC_CCP_27 -->
        <test-method is-config="true" signature="tearDown(org.testng.ITestResult)[pri:0, instance:com.ComCate.TestCases.CCP@44c03695]" started-at="2022-04-05T17:17:06 IST" name="tearDown" finished-at="2022-04-05T17:17:06 IST" duration-ms="0" status="PASS">
          <params>
            <param index="0">
              <value>
                <![CDATA[[TestResult name=TC_CCP_26 status=SUCCESS method=CCP.TC_CCP_26()[pri:27, instance:com.ComCate.TestCases.CCP@44c03695] output={null}]]]>
              </value>
            </param>
          </params>
          <reporter-output>
          </reporter-output>
        </test-method> <!-- tearDown -->
        <test-method is-config="true" signature="tearDown(org.testng.ITestResult)[pri:0, instance:com.ComCate.TestCases.CCP@44c03695]" started-at="2022-04-05T17:17:06 IST" name="tearDown" finished-at="2022-04-05T17:17:06 IST" duration-ms="1" status="PASS">
          <params>
            <param index="0">
              <value>
                <![CDATA[[TestResult name=TC_CCP_27 status=SUCCESS method=CCP.TC_CCP_27()[pri:28, instance:com.ComCate.TestCases.CCP@44c03695] output={null}]]]>
              </value>
            </param>
          </params>
          <reporter-output>
          </reporter-output>
        </test-method> <!-- tearDown -->
        <test-method signature="TC_CCP_28()[pri:29, instance:com.ComCate.TestCases.CCP@44c03695]" started-at="2022-04-05T17:17:06 IST" name="TC_CCP_28" finished-at="2022-04-05T17:17:06 IST" duration-ms="144" status="PASS">
          <reporter-output>
          </reporter-output>
        </test-method> <!-- TC_CCP_28 -->
        <test-method is-config="true" signature="tearDown(org.testng.ITestResult)[pri:0, instance:com.ComCate.TestCases.CCP@44c03695]" started-at="2022-04-05T17:17:06 IST" name="tearDown" finished-at="2022-04-05T17:17:06 IST" duration-ms="1" status="PASS">
          <params>
            <param index="0">
              <value>
                <![CDATA[[TestResult name=TC_CCP_28 status=SUCCESS method=CCP.TC_CCP_28()[pri:29, instance:com.ComCate.TestCases.CCP@44c03695] output={null}]]]>
              </value>
            </param>
          </params>
          <reporter-output>
          </reporter-output>
        </test-method> <!-- tearDown -->
        <test-method signature="TC_CCP_29()[pri:30, instance:com.ComCate.TestCases.CCP@44c03695]" started-at="2022-04-05T17:17:06 IST" name="TC_CCP_29" finished-at="2022-04-05T17:17:11 IST" duration-ms="5165" status="PASS">
          <reporter-output>
          </reporter-output>
        </test-method> <!-- TC_CCP_29 -->
        <test-method signature="TC_CCP_30()[pri:31, instance:com.ComCate.TestCases.CCP@44c03695]" started-at="2022-04-05T17:17:11 IST" name="TC_CCP_30" finished-at="2022-04-05T17:17:15 IST" duration-ms="3431" status="PASS">
          <reporter-output>
          </reporter-output>
        </test-method> <!-- TC_CCP_30 -->
        <test-method is-config="true" signature="tearDown(org.testng.ITestResult)[pri:0, instance:com.ComCate.TestCases.CCP@44c03695]" started-at="2022-04-05T17:17:11 IST" name="tearDown" finished-at="2022-04-05T17:17:11 IST" duration-ms="0" status="PASS">
          <params>
            <param index="0">
              <value>
                <![CDATA[[TestResult name=TC_CCP_29 status=SUCCESS method=CCP.TC_CCP_29()[pri:30, instance:com.ComCate.TestCases.CCP@44c03695] output={null}]]]>
              </value>
            </param>
          </params>
          <reporter-output>
          </reporter-output>
        </test-method> <!-- tearDown -->
        <test-method is-config="true" signature="tearDown(org.testng.ITestResult)[pri:0, instance:com.ComCate.TestCases.CCP@44c03695]" started-at="2022-04-05T17:17:15 IST" name="tearDown" finished-at="2022-04-05T17:17:15 IST" duration-ms="0" status="PASS">
          <params>
            <param index="0">
              <value>
                <![CDATA[[TestResult name=TC_CCP_30 status=SUCCESS method=CCP.TC_CCP_30()[pri:31, instance:com.ComCate.TestCases.CCP@44c03695] output={null}]]]>
              </value>
            </param>
          </params>
          <reporter-output>
          </reporter-output>
        </test-method> <!-- tearDown -->
        <test-method signature="TC_CCP_34()[pri:35, instance:com.ComCate.TestCases.CCP@44c03695]" started-at="2022-04-05T17:17:15 IST" name="TC_CCP_34" finished-at="2022-04-05T17:17:17 IST" duration-ms="2079" status="PASS">
          <reporter-output>
          </reporter-output>
        </test-method> <!-- TC_CCP_34 -->
        <test-method is-config="true" signature="tearDown(org.testng.ITestResult)[pri:0, instance:com.ComCate.TestCases.CCP@44c03695]" started-at="2022-04-05T17:17:17 IST" name="tearDown" finished-at="2022-04-05T17:17:17 IST" duration-ms="0" status="PASS">
          <params>
            <param index="0">
              <value>
                <![CDATA[[TestResult name=TC_CCP_34 status=SUCCESS method=CCP.TC_CCP_34()[pri:35, instance:com.ComCate.TestCases.CCP@44c03695] output={null}]]]>
              </value>
            </param>
          </params>
          <reporter-output>
          </reporter-output>
        </test-method> <!-- tearDown -->
        <test-method signature="TC_CCP_35()[pri:36, instance:com.ComCate.TestCases.CCP@44c03695]" started-at="2022-04-05T17:17:17 IST" name="TC_CCP_35" finished-at="2022-04-05T17:17:20 IST" duration-ms="3165" status="PASS">
          <reporter-output>
          </reporter-output>
        </test-method> <!-- TC_CCP_35 -->
        <test-method is-config="true" signature="tearDown(org.testng.ITestResult)[pri:0, instance:com.ComCate.TestCases.CCP@44c03695]" started-at="2022-04-05T17:17:20 IST" name="tearDown" finished-at="2022-04-05T17:17:20 IST" duration-ms="0" status="PASS">
          <params>
            <param index="0">
              <value>
                <![CDATA[[TestResult name=TC_CCP_35 status=SUCCESS method=CCP.TC_CCP_35()[pri:36, instance:com.ComCate.TestCases.CCP@44c03695] output={null}]]]>
              </value>
            </param>
          </params>
          <reporter-output>
          </reporter-output>
        </test-method> <!-- tearDown -->
        <test-method signature="TC_CCP_36()[pri:37, instance:com.ComCate.TestCases.CCP@44c03695]" started-at="2022-04-05T17:17:20 IST" name="TC_CCP_36" finished-at="2022-04-05T17:17:22 IST" duration-ms="2120" status="PASS">
          <reporter-output>
          </reporter-output>
        </test-method> <!-- TC_CCP_36 -->
        <test-method is-config="true" signature="tearDown(org.testng.ITestResult)[pri:0, instance:com.ComCate.TestCases.CCP@44c03695]" started-at="2022-04-05T17:17:22 IST" name="tearDown" finished-at="2022-04-05T17:17:22 IST" duration-ms="0" status="PASS">
          <params>
            <param index="0">
              <value>
                <![CDATA[[TestResult name=TC_CCP_36 status=SUCCESS method=CCP.TC_CCP_36()[pri:37, instance:com.ComCate.TestCases.CCP@44c03695] output={null}]]]>
              </value>
            </param>
          </params>
          <reporter-output>
          </reporter-output>
        </test-method> <!-- tearDown -->
        <test-method signature="TC_CCP_37()[pri:38, instance:com.ComCate.TestCases.CCP@44c03695]" started-at="2022-04-05T17:17:22 IST" name="TC_CCP_37" finished-at="2022-04-05T17:17:25 IST" duration-ms="2786" status="PASS">
          <reporter-output>
          </reporter-output>
        </test-method> <!-- TC_CCP_37 -->
        <test-method is-config="true" signature="tearDown(org.testng.ITestResult)[pri:0, instance:com.ComCate.TestCases.CCP@44c03695]" started-at="2022-04-05T17:17:25 IST" name="tearDown" finished-at="2022-04-05T17:17:25 IST" duration-ms="0" status="PASS">
          <params>
            <param index="0">
              <value>
                <![CDATA[[TestResult name=TC_CCP_37 status=SUCCESS method=CCP.TC_CCP_37()[pri:38, instance:com.ComCate.TestCases.CCP@44c03695] output={null}]]]>
              </value>
            </param>
          </params>
          <reporter-output>
          </reporter-output>
        </test-method> <!-- tearDown -->
        <test-method signature="TC_CCP_38()[pri:39, instance:com.ComCate.TestCases.CCP@44c03695]" started-at="2022-04-05T17:17:25 IST" name="TC_CCP_38" finished-at="2022-04-05T17:17:25 IST" duration-ms="90" status="PASS">
          <reporter-output>
          </reporter-output>
        </test-method> <!-- TC_CCP_38 -->
        <test-method is-config="true" signature="tearDown(org.testng.ITestResult)[pri:0, instance:com.ComCate.TestCases.CCP@44c03695]" started-at="2022-04-05T17:17:25 IST" name="tearDown" finished-at="2022-04-05T17:17:25 IST" duration-ms="0" status="PASS">
          <params>
            <param index="0">
              <value>
                <![CDATA[[TestResult name=TC_CCP_38 status=SUCCESS method=CCP.TC_CCP_38()[pri:39, instance:com.ComCate.TestCases.CCP@44c03695] output={null}]]]>
              </value>
            </param>
          </params>
          <reporter-output>
          </reporter-output>
        </test-method> <!-- tearDown -->
        <test-method signature="TC_CCP_39()[pri:40, instance:com.ComCate.TestCases.CCP@44c03695]" started-at="2022-04-05T17:17:25 IST" name="TC_CCP_39" finished-at="2022-04-05T17:17:27 IST" duration-ms="2130" status="PASS">
          <reporter-output>
          </reporter-output>
        </test-method> <!-- TC_CCP_39 -->
        <test-method is-config="true" signature="tearDown(org.testng.ITestResult)[pri:0, instance:com.ComCate.TestCases.CCP@44c03695]" started-at="2022-04-05T17:17:27 IST" name="tearDown" finished-at="2022-04-05T17:17:27 IST" duration-ms="0" status="PASS">
          <params>
            <param index="0">
              <value>
                <![CDATA[[TestResult name=TC_CCP_39 status=SUCCESS method=CCP.TC_CCP_39()[pri:40, instance:com.ComCate.TestCases.CCP@44c03695] output={null}]]]>
              </value>
            </param>
          </params>
          <reporter-output>
          </reporter-output>
        </test-method> <!-- tearDown -->
        <test-method signature="TC_CCP_40()[pri:41, instance:com.ComCate.TestCases.CCP@44c03695]" started-at="2022-04-05T17:17:27 IST" name="TC_CCP_40" finished-at="2022-04-05T17:17:37 IST" duration-ms="9731" status="PASS">
          <reporter-output>
          </reporter-output>
        </test-method> <!-- TC_CCP_40 -->
        <test-method is-config="true" signature="tearDown(org.testng.ITestResult)[pri:0, instance:com.ComCate.TestCases.CCP@44c03695]" started-at="2022-04-05T17:17:37 IST" name="tearDown" finished-at="2022-04-05T17:17:37 IST" duration-ms="1" status="PASS">
          <params>
            <param index="0">
              <value>
                <![CDATA[[TestResult name=TC_CCP_40 status=SUCCESS method=CCP.TC_CCP_40()[pri:41, instance:com.ComCate.TestCases.CCP@44c03695] output={null}]]]>
              </value>
            </param>
          </params>
          <reporter-output>
          </reporter-output>
        </test-method> <!-- tearDown -->
        <test-method signature="TC_CCP_42()[pri:43, instance:com.ComCate.TestCases.CCP@44c03695]" started-at="2022-04-05T17:17:37 IST" name="TC_CCP_42" finished-at="2022-04-05T17:17:38 IST" duration-ms="1494" status="PASS">
          <reporter-output>
          </reporter-output>
        </test-method> <!-- TC_CCP_42 -->
        <test-method is-config="true" signature="tearDown(org.testng.ITestResult)[pri:0, instance:com.ComCate.TestCases.CCP@44c03695]" started-at="2022-04-05T17:17:38 IST" name="tearDown" finished-at="2022-04-05T17:17:38 IST" duration-ms="0" status="PASS">
          <params>
            <param index="0">
              <value>
                <![CDATA[[TestResult name=TC_CCP_42 status=SUCCESS method=CCP.TC_CCP_42()[pri:43, instance:com.ComCate.TestCases.CCP@44c03695] output={null}]]]>
              </value>
            </param>
          </params>
          <reporter-output>
          </reporter-output>
        </test-method> <!-- tearDown -->
        <test-method signature="TC_CCP_43()[pri:44, instance:com.ComCate.TestCases.CCP@44c03695]" started-at="2022-04-05T17:17:38 IST" name="TC_CCP_43" finished-at="2022-04-05T17:17:38 IST" duration-ms="214" status="PASS">
          <reporter-output>
          </reporter-output>
        </test-method> <!-- TC_CCP_43 -->
        <test-method is-config="true" signature="tearDown(org.testng.ITestResult)[pri:0, instance:com.ComCate.TestCases.CCP@44c03695]" started-at="2022-04-05T17:17:38 IST" name="tearDown" finished-at="2022-04-05T17:17:38 IST" duration-ms="0" status="PASS">
          <params>
            <param index="0">
              <value>
                <![CDATA[[TestResult name=TC_CCP_43 status=SUCCESS method=CCP.TC_CCP_43()[pri:44, instance:com.ComCate.TestCases.CCP@44c03695] output={null}]]]>
              </value>
            </param>
          </params>
          <reporter-output>
          </reporter-output>
        </test-method> <!-- tearDown -->
        <test-method signature="TC_CCP_44()[pri:45, instance:com.ComCate.TestCases.CCP@44c03695]" started-at="2022-04-05T17:17:38 IST" name="TC_CCP_44" finished-at="2022-04-05T17:17:38 IST" duration-ms="42" status="PASS">
          <reporter-output>
          </reporter-output>
        </test-method> <!-- TC_CCP_44 -->
        <test-method is-config="true" signature="tearDown(org.testng.ITestResult)[pri:0, instance:com.ComCate.TestCases.CCP@44c03695]" started-at="2022-04-05T17:17:38 IST" name="tearDown" finished-at="2022-04-05T17:17:38 IST" duration-ms="1" status="PASS">
          <params>
            <param index="0">
              <value>
                <![CDATA[[TestResult name=TC_CCP_44 status=SUCCESS method=CCP.TC_CCP_44()[pri:45, instance:com.ComCate.TestCases.CCP@44c03695] output={null}]]]>
              </value>
            </param>
          </params>
          <reporter-output>
          </reporter-output>
        </test-method> <!-- tearDown -->
        <test-method signature="TC_CCP_46()[pri:47, instance:com.ComCate.TestCases.CCP@44c03695]" started-at="2022-04-05T17:17:38 IST" name="TC_CCP_46" finished-at="2022-04-05T17:17:39 IST" duration-ms="151" status="PASS">
          <reporter-output>
          </reporter-output>
        </test-method> <!-- TC_CCP_46 -->
        <test-method is-config="true" signature="tearDown(org.testng.ITestResult)[pri:0, instance:com.ComCate.TestCases.CCP@44c03695]" started-at="2022-04-05T17:17:39 IST" name="tearDown" finished-at="2022-04-05T17:17:39 IST" duration-ms="0" status="PASS">
          <params>
            <param index="0">
              <value>
                <![CDATA[[TestResult name=TC_CCP_46 status=SUCCESS method=CCP.TC_CCP_46()[pri:47, instance:com.ComCate.TestCases.CCP@44c03695] output={null}]]]>
              </value>
            </param>
          </params>
          <reporter-output>
          </reporter-output>
        </test-method> <!-- tearDown -->
        <test-method signature="TC_CCP_47()[pri:48, instance:com.ComCate.TestCases.CCP@44c03695]" started-at="2022-04-05T17:17:39 IST" name="TC_CCP_47" finished-at="2022-04-05T17:17:42 IST" duration-ms="3165" status="PASS">
          <reporter-output>
          </reporter-output>
        </test-method> <!-- TC_CCP_47 -->
        <test-method is-config="true" signature="tearDown(org.testng.ITestResult)[pri:0, instance:com.ComCate.TestCases.CCP@44c03695]" started-at="2022-04-05T17:17:42 IST" name="tearDown" finished-at="2022-04-05T17:17:42 IST" duration-ms="0" status="PASS">
          <params>
            <param index="0">
              <value>
                <![CDATA[[TestResult name=TC_CCP_47 status=SUCCESS method=CCP.TC_CCP_47()[pri:48, instance:com.ComCate.TestCases.CCP@44c03695] output={null}]]]>
              </value>
            </param>
          </params>
          <reporter-output>
          </reporter-output>
        </test-method> <!-- tearDown -->
        <test-method signature="TC_CCP_48()[pri:49, instance:com.ComCate.TestCases.CCP@44c03695]" started-at="2022-04-05T17:17:42 IST" name="TC_CCP_48" finished-at="2022-04-05T17:17:44 IST" duration-ms="2151" status="PASS">
          <reporter-output>
          </reporter-output>
        </test-method> <!-- TC_CCP_48 -->
        <test-method is-config="true" signature="tearDown(org.testng.ITestResult)[pri:0, instance:com.ComCate.TestCases.CCP@44c03695]" started-at="2022-04-05T17:17:44 IST" name="tearDown" finished-at="2022-04-05T17:17:44 IST" duration-ms="1" status="PASS">
          <params>
            <param index="0">
              <value>
                <![CDATA[[TestResult name=TC_CCP_48 status=SUCCESS method=CCP.TC_CCP_48()[pri:49, instance:com.ComCate.TestCases.CCP@44c03695] output={null}]]]>
              </value>
            </param>
          </params>
          <reporter-output>
          </reporter-output>
        </test-method> <!-- tearDown -->
        <test-method signature="TC_CCP_49()[pri:50, instance:com.ComCate.TestCases.CCP@44c03695]" started-at="2022-04-05T17:17:44 IST" name="TC_CCP_49" finished-at="2022-04-05T17:17:49 IST" duration-ms="5130" status="PASS">
          <reporter-output>
          </reporter-output>
        </test-method> <!-- TC_CCP_49 -->
        <test-method is-config="true" signature="tearDown(org.testng.ITestResult)[pri:0, instance:com.ComCate.TestCases.CCP@44c03695]" started-at="2022-04-05T17:17:49 IST" name="tearDown" finished-at="2022-04-05T17:17:49 IST" duration-ms="1" status="PASS">
          <params>
            <param index="0">
              <value>
                <![CDATA[[TestResult name=TC_CCP_49 status=SUCCESS method=CCP.TC_CCP_49()[pri:50, instance:com.ComCate.TestCases.CCP@44c03695] output={null}]]]>
              </value>
            </param>
          </params>
          <reporter-output>
          </reporter-output>
        </test-method> <!-- tearDown -->
        <test-method signature="TC_CCP_50()[pri:51, instance:com.ComCate.TestCases.CCP@44c03695]" started-at="2022-04-05T17:17:49 IST" name="TC_CCP_50" finished-at="2022-04-05T17:17:53 IST" duration-ms="3806" status="PASS">
          <reporter-output>
          </reporter-output>
        </test-method> <!-- TC_CCP_50 -->
        <test-method is-config="true" signature="tearDown(org.testng.ITestResult)[pri:0, instance:com.ComCate.TestCases.CCP@44c03695]" started-at="2022-04-05T17:17:53 IST" name="tearDown" finished-at="2022-04-05T17:17:53 IST" duration-ms="0" status="PASS">
          <params>
            <param index="0">
              <value>
                <![CDATA[[TestResult name=TC_CCP_50 status=SUCCESS method=CCP.TC_CCP_50()[pri:51, instance:com.ComCate.TestCases.CCP@44c03695] output={null}]]]>
              </value>
            </param>
          </params>
          <reporter-output>
          </reporter-output>
        </test-method> <!-- tearDown -->
        <test-method signature="TC_CCP_51()[pri:52, instance:com.ComCate.TestCases.CCP@44c03695]" started-at="2022-04-05T17:17:53 IST" name="TC_CCP_51" finished-at="2022-04-05T17:17:54 IST" duration-ms="668" status="PASS">
          <reporter-output>
          </reporter-output>
        </test-method> <!-- TC_CCP_51 -->
        <test-method is-config="true" signature="tearDown(org.testng.ITestResult)[pri:0, instance:com.ComCate.TestCases.CCP@44c03695]" started-at="2022-04-05T17:17:54 IST" name="tearDown" finished-at="2022-04-05T17:17:54 IST" duration-ms="1" status="PASS">
          <params>
            <param index="0">
              <value>
                <![CDATA[[TestResult name=TC_CCP_51 status=SUCCESS method=CCP.TC_CCP_51()[pri:52, instance:com.ComCate.TestCases.CCP@44c03695] output={null}]]]>
              </value>
            </param>
          </params>
          <reporter-output>
          </reporter-output>
        </test-method> <!-- tearDown -->
        <test-method signature="TC_CCP_52()[pri:53, instance:com.ComCate.TestCases.CCP@44c03695]" started-at="2022-04-05T17:17:54 IST" name="TC_CCP_52" finished-at="2022-04-05T17:18:00 IST" duration-ms="6739" status="PASS">
          <reporter-output>
          </reporter-output>
        </test-method> <!-- TC_CCP_52 -->
        <test-method is-config="true" signature="tearDown(org.testng.ITestResult)[pri:0, instance:com.ComCate.TestCases.CCP@44c03695]" started-at="2022-04-05T17:18:00 IST" name="tearDown" finished-at="2022-04-05T17:18:00 IST" duration-ms="0" status="PASS">
          <params>
            <param index="0">
              <value>
                <![CDATA[[TestResult name=TC_CCP_52 status=SUCCESS method=CCP.TC_CCP_52()[pri:53, instance:com.ComCate.TestCases.CCP@44c03695] output={null}]]]>
              </value>
            </param>
          </params>
          <reporter-output>
          </reporter-output>
        </test-method> <!-- tearDown -->
        <test-method signature="TC_CCP_53()[pri:54, instance:com.ComCate.TestCases.CCP@44c03695]" started-at="2022-04-05T17:18:00 IST" name="TC_CCP_53" finished-at="2022-04-05T17:18:02 IST" duration-ms="1744" status="PASS">
          <reporter-output>
          </reporter-output>
        </test-method> <!-- TC_CCP_53 -->
        <test-method is-config="true" signature="tearDown(org.testng.ITestResult)[pri:0, instance:com.ComCate.TestCases.CCP@44c03695]" started-at="2022-04-05T17:18:02 IST" name="tearDown" finished-at="2022-04-05T17:18:02 IST" duration-ms="1" status="PASS">
          <params>
            <param index="0">
              <value>
                <![CDATA[[TestResult name=TC_CCP_53 status=SUCCESS method=CCP.TC_CCP_53()[pri:54, instance:com.ComCate.TestCases.CCP@44c03695] output={null}]]]>
              </value>
            </param>
          </params>
          <reporter-output>
          </reporter-output>
        </test-method> <!-- tearDown -->
        <test-method signature="TC_CCP_54()[pri:55, instance:com.ComCate.TestCases.CCP@44c03695]" started-at="2022-04-05T17:18:02 IST" name="TC_CCP_54" finished-at="2022-04-05T17:18:02 IST" duration-ms="386" status="PASS">
          <reporter-output>
          </reporter-output>
        </test-method> <!-- TC_CCP_54 -->
        <test-method is-config="true" signature="tearDown(org.testng.ITestResult)[pri:0, instance:com.ComCate.TestCases.CCP@44c03695]" started-at="2022-04-05T17:18:02 IST" name="tearDown" finished-at="2022-04-05T17:18:02 IST" duration-ms="1" status="PASS">
          <params>
            <param index="0">
              <value>
                <![CDATA[[TestResult name=TC_CCP_54 status=SUCCESS method=CCP.TC_CCP_54()[pri:55, instance:com.ComCate.TestCases.CCP@44c03695] output={null}]]]>
              </value>
            </param>
          </params>
          <reporter-output>
          </reporter-output>
        </test-method> <!-- tearDown -->
        <test-method signature="TC_CCP_55()[pri:56, instance:com.ComCate.TestCases.CCP@44c03695]" started-at="2022-04-05T17:18:02 IST" name="TC_CCP_55" finished-at="2022-04-05T17:18:06 IST" duration-ms="3527" status="PASS">
          <reporter-output>
          </reporter-output>
        </test-method> <!-- TC_CCP_55 -->
        <test-method signature="TC_CCP_56()[pri:57, instance:com.ComCate.TestCases.CCP@44c03695]" started-at="2022-04-05T17:18:06 IST" name="TC_CCP_56" finished-at="2022-04-05T17:18:08 IST" duration-ms="2060" status="PASS">
          <reporter-output>
          </reporter-output>
        </test-method> <!-- TC_CCP_56 -->
        <test-method is-config="true" signature="tearDown(org.testng.ITestResult)[pri:0, instance:com.ComCate.TestCases.CCP@44c03695]" started-at="2022-04-05T17:18:06 IST" name="tearDown" finished-at="2022-04-05T17:18:06 IST" duration-ms="0" status="PASS">
          <params>
            <param index="0">
              <value>
                <![CDATA[[TestResult name=TC_CCP_55 status=SUCCESS method=CCP.TC_CCP_55()[pri:56, instance:com.ComCate.TestCases.CCP@44c03695] output={null}]]]>
              </value>
            </param>
          </params>
          <reporter-output>
          </reporter-output>
        </test-method> <!-- tearDown -->
        <test-method is-config="true" signature="tearDown(org.testng.ITestResult)[pri:0, instance:com.ComCate.TestCases.CCP@44c03695]" started-at="2022-04-05T17:18:08 IST" name="tearDown" finished-at="2022-04-05T17:18:08 IST" duration-ms="0" status="PASS">
          <params>
            <param index="0">
              <value>
                <![CDATA[[TestResult name=TC_CCP_56 status=SUCCESS method=CCP.TC_CCP_56()[pri:57, instance:com.ComCate.TestCases.CCP@44c03695] output={null}]]]>
              </value>
            </param>
          </params>
          <reporter-output>
          </reporter-output>
        </test-method> <!-- tearDown -->
      </class> <!-- com.ComCate.TestCases.CCP -->
      <class name="com.ComCate.TestCases.Login">
        <test-method is-config="true" signature="setExtent()[pri:0, instance:com.ComCate.TestCases.Login@5b12b668]" started-at="2022-04-05T17:15:57 IST" name="setExtent" finished-at="2022-04-05T17:15:57 IST" duration-ms="86" status="PASS">
          <reporter-output>
          </reporter-output>
        </test-method> <!-- setExtent -->
        <test-method is-config="true" signature="validateSetUp()[pri:0, instance:com.ComCate.TestCases.Login@5b12b668]" started-at="2022-04-05T17:15:57 IST" name="validateSetUp" finished-at="2022-04-05T17:16:10 IST" depends-on-methods="com.ComCate.ExtentReport.ExtentReportClass.setExtent" duration-ms="13063" status="PASS">
          <reporter-output>
          </reporter-output>
        </test-method> <!-- validateSetUp -->
        <test-method signature="LoginAgency()[pri:0, instance:com.ComCate.TestCases.Login@5b12b668]" started-at="2022-04-05T17:16:10 IST" name="LoginAgency" finished-at="2022-04-05T17:16:19 IST" duration-ms="8806" status="PASS">
          <reporter-output>
          </reporter-output>
        </test-method> <!-- LoginAgency -->
        <test-method is-config="true" signature="tearDown(org.testng.ITestResult)[pri:0, instance:com.ComCate.TestCases.Login@5b12b668]" started-at="2022-04-05T17:16:19 IST" name="tearDown" finished-at="2022-04-05T17:16:19 IST" duration-ms="2" status="PASS">
          <params>
            <param index="0">
              <value>
                <![CDATA[[TestResult name=LoginAgency status=SUCCESS method=Login.LoginAgency()[pri:0, instance:com.ComCate.TestCases.Login@5b12b668] output={null}]]]>
              </value>
            </param>
          </params>
          <reporter-output>
          </reporter-output>
        </test-method> <!-- tearDown -->
        <test-method is-config="true" signature="endReport()[pri:0, instance:com.ComCate.TestCases.Login@5b12b668]" started-at="2022-04-05T17:18:08 IST" name="endReport" finished-at="2022-04-05T17:18:08 IST" duration-ms="126" status="PASS">
          <reporter-output>
          </reporter-output>
        </test-method> <!-- endReport -->
      </class> <!-- com.ComCate.TestCases.Login -->
    </test> <!-- Test -->
  </suite> <!-- Suite -->
</testng-results>
