<?xml version="1.0" encoding="UTF-8"?>
<testsuite xmlns:xsi="http://www.w3.org/2001/XMLSchema-instance" xsi:noNamespaceSchemaLocation="https://maven.apache.org/surefire/maven-surefire-plugin/xsd/surefire-test-report-3.0.xsd" version="3.0" name="TestSuite" time="131.24" tests="52" errors="0" skipped="0" failures="0">
  <properties>
[...]
</properties>
  <testcase name="LoginAgency" classname="com.ComCate.TestCases.Login" time="8.808">
    <system-err><![CDATA[SLF4J: Failed to load class "org.slf4j.impl.StaticLoggerBinder".
SLF4J: Defaulting to no-operation (NOP) logger implementation
SLF4J: See http://www.slf4j.org/codes.html#StaticLoggerBinder for further details.
Starting ChromeDriver 99.0.4844.51 (d537ec02474b5afe23684e7963d538896c63ac77-refs/branch-heads/4844@{#875}) on port 5530
Only local connections are allowed.
Please see https://chromedriver.chromium.org/security-considerations for suggestions on keeping ChromeDriver safe.
ChromeDriver was started successfully.
Apr 05, 2022 5:15:58 PM org.openqa.selenium.remote.ProtocolHandshake createSession
INFO: Detected dialect: W3C
]]></system-err>
  </testcase>
  <testcase name="PreRequisite" classname="com.ComCate.TestCases.CCP" time="14.527"/>
  <testcase name="TC_CCP_01" classname="com.ComCate.TestCases.CCP" time="2.123"/>
  <testcase name="TC_CCP_02" classname="com.ComCate.TestCases.CCP" time="0.027"/>
  <testcase name="TC_CCP_03" classname="com.ComCate.TestCases.CCP" time="4.287"/>
  <testcase name="TC_CCP_04" classname="com.ComCate.TestCases.CCP" time="3.091"/>
  <testcase name="TC_CCP_06" classname="com.ComCate.TestCases.CCP" time="3.511"/>
  <testcase name="TC_CCP_07" classname="com.ComCate.TestCases.CCP" time="2.148"/>
  <testcase name="TC_CCP_08" classname="com.ComCate.TestCases.CCP" time="0.319"/>
  <testcase name="TC_CCP_09" classname="com.ComCate.TestCases.CCP" time="1.573"/>
  <testcase name="TC_CCP_10" classname="com.ComCate.TestCases.CCP" time="1.706"/>
  <testcase name="TC_CCP_11" classname="com.ComCate.TestCases.CCP" time="2.208"/>
  <testcase name="TC_CCP_12" classname="com.ComCate.TestCases.CCP" time="1.306"/>
  <testcase name="TC_CCP_13" classname="com.ComCate.TestCases.CCP" time="2.335"/>
  <testcase name="TC_CCP_14" classname="com.ComCate.TestCases.CCP" time="1.153"/>
  <testcase name="TC_CCP_15" classname="com.ComCate.TestCases.CCP" time="2.294"/>
  <testcase name="TC_CCP_16" classname="com.ComCate.TestCases.CCP" time="0.131"/>
  <testcase name="TC_CCP_17" classname="com.ComCate.TestCases.CCP" time="1.049"/>
  <testcase name="TC_CCP_18" classname="com.ComCate.TestCases.CCP" time="0.153"/>
  <testcase name="TC_CCP_19" classname="com.ComCate.TestCases.CCP" time="0.131"/>
  <testcase name="TC_CCP_20" classname="com.ComCate.TestCases.CCP" time="0.096"/>
  <testcase name="TC_CCP_21" classname="com.ComCate.TestCases.CCP" time="0.229"/>
  <testcase name="TC_CCP_22" classname="com.ComCate.TestCases.CCP" time="0.279"/>
  <testcase name="TC_CCP_23" classname="com.ComCate.TestCases.CCP" time="0.175"/>
  <testcase name="TC_CCP_24" classname="com.ComCate.TestCases.CCP" time="0.089"/>
  <testcase name="TC_CCP_25" classname="com.ComCate.TestCases.CCP" time="0.202"/>
  <testcase name="TC_CCP_26" classname="com.ComCate.TestCases.CCP" time="1.472"/>
  <testcase name="TC_CCP_27" classname="com.ComCate.TestCases.CCP" time="0.033"/>
  <testcase name="TC_CCP_28" classname="com.ComCate.TestCases.CCP" time="0.145"/>
  <testcase name="TC_CCP_29" classname="com.ComCate.TestCases.CCP" time="5.166"/>
  <testcase name="TC_CCP_30" classname="com.ComCate.TestCases.CCP" time="3.431"/>
  <testcase name="TC_CCP_34" classname="com.ComCate.TestCases.CCP" time="2.079"/>
  <testcase name="TC_CCP_35" classname="com.ComCate.TestCases.CCP" time="3.166"/>
  <testcase name="TC_CCP_36" classname="com.ComCate.TestCases.CCP" time="2.121"/>
  <testcase name="TC_CCP_37" classname="com.ComCate.TestCases.CCP" time="2.786"/>
  <testcase name="TC_CCP_38" classname="com.ComCate.TestCases.CCP" time="0.09"/>
  <testcase name="TC_CCP_39" classname="com.ComCate.TestCases.CCP" time="2.13"/>
  <testcase name="TC_CCP_40" classname="com.ComCate.TestCases.CCP" time="9.73"/>
  <testcase name="TC_CCP_42" classname="com.ComCate.TestCases.CCP" time="1.494"/>
  <testcase name="TC_CCP_43" classname="com.ComCate.TestCases.CCP" time="0.213"/>
  <testcase name="TC_CCP_44" classname="com.ComCate.TestCases.CCP" time="0.042"/>
  <testcase name="TC_CCP_46" classname="com.ComCate.TestCases.CCP" time="0.151"/>
  <testcase name="TC_CCP_47" classname="com.ComCate.TestCases.CCP" time="3.165"/>
  <testcase name="TC_CCP_48" classname="com.ComCate.TestCases.CCP" time="2.152"/>
  <testcase name="TC_CCP_49" classname="com.ComCate.TestCases.CCP" time="5.131"/>
  <testcase name="TC_CCP_50" classname="com.ComCate.TestCases.CCP" time="3.807"/>
  <testcase name="TC_CCP_51" classname="com.ComCate.TestCases.CCP" time="0.669"/>
  <testcase name="TC_CCP_52" classname="com.ComCate.TestCases.CCP" time="6.739"/>
  <testcase name="TC_CCP_53" classname="com.ComCate.TestCases.CCP" time="1.744"/>
  <testcase name="TC_CCP_54" classname="com.ComCate.TestCases.CCP" time="0.387"/>
  <testcase name="TC_CCP_55" classname="com.ComCate.TestCases.CCP" time="3.527"/>
  <testcase name="TC_CCP_56" classname="com.ComCate.TestCases.CCP" time="2.06"/>
</testsuite>